#
# A fatal error has been detected by the Java Runtime Environment:
#
#  SIGSEGV (0xb) at pc=0x0000000101e232b0, pid=573, tid=18691
#
# JRE version: Java(TM) SE Runtime Environment (8.0_25-b17) (build 1.8.0_25-b17)
# Java VM: Java HotSpot(TM) 64-Bit Server VM (25.25-b02 mixed mode bsd-amd64 compressed oops)
# Problematic frame:
# V  [libjvm.dylib+0x4232b0]  Method::checked_resolve_jmethod_id(_jmethodID*)+0xe
#
# Failed to write core dump. Core dumps have been disabled. To enable core dumping, try "ulimit -c unlimited" before starting Java again
#
# If you would like to submit a bug report, please visit:
#   http://bugreport.sun.com/bugreport/crash.jsp
#

---------------  T H R E A D  ---------------

Current thread (0x00007f8613078000):  JavaThread "JDWP Transport Listener: dt_socket" daemon [_thread_in_vm, id=18691, stack(0x000000011fe49000,0x000000011ff49000)]

siginfo: si_signo: 11 (SIGSEGV), si_code: 0 (unknown), si_addr: 0x0000000000000000

Registers:
RAX=0x0000000000000001, RBX=0x000000011ff48a8b, RCX=0x00000001021d6c80, RDX=0x000000011ff48a8b
RSP=0x000000011ff489d0, RBP=0x000000011ff489e0, RSI=0x00007f8613078000, RDI=0x0003000000000000
R8 =0x0000000000000003, R9 =0x00007f8611d00000, R10=0x0000000000000010, R11=0x00007f8611d00000
R12=0x00007f8613078000, R13=0x0003000000000000, R14=0x0003000000000000, R15=0x00007f8611c1ced0
RIP=0x0000000101e232b0, EFLAGS=0x0000000000010206, ERR=0x0000000000000000
  TRAPNO=0x000000000000000d

Top of Stack: (sp=0x000000011ff489d0)
0x000000011ff489d0:   000000011ff48a8b 000000011ff48a8b
0x000000011ff489e0:   000000011ff48a40 0000000101d3526e
0x000000011ff489f0:   00007f8613078000 0000000000000000
0x000000011ff48a00:   0000000000000000 0000000000000000
0x000000011ff48a10:   00007f8613078000 00007f8613078000
0x000000011ff48a20:   000000011ff48a8b 000000011ff48a90
0x000000011ff48a30:   0003000000000000 0000000000000005
0x000000011ff48a40:   000000011ff48a60 00000001009ca7dc
0x000000011ff48a50:   0000000000000001 000000011ff48b08
0x000000011ff48a60:   000000011ff48ad0 00000001009af263
0x000000011ff48a70:   000000011ff48aa0 00007f8611d17090
0x000000011ff48a80:   0000000600000032 0000000900f48b08
0x000000011ff48a90:   0000000000000000 0000000000000000
0x000000011ff48aa0:   0000000000000000 000000011ff48c90
0x000000011ff48ab0:   00000001009d1eca 00007f8611d16230
0x000000011ff48ac0:   000000011ff48b08 00000001009dd588
0x000000011ff48ad0:   000000011ff48ae0 00000001009af35c
0x000000011ff48ae0:   000000011ff48d00 00000001009b88f6
0x000000011ff48af0:   0000031100000013 00000000000f0200
0x000000011ff48b00:   00007f8611d14330 00007f8611d17467
0x000000011ff48b10:   00007f8600000241 00007f8611d14280
0x000000011ff48b20:   00007f860000012c 000000011ff48b58
0x000000011ff48b30:   00007f8611d14280 00007f0000000000
0x000000011ff48b40:   000003110000001c 00007fff00007080
0x000000011ff48b50:   000000011ff48b58 867f000006000000
0x000000011ff48b60:   06000000f85de311 00003e74696e693c
0x000000011ff48b70:   0000005629280300 7f00000200000000
0x000000011ff48b80:   000000185ee31186 78696674736f7010
0x000000011ff48b90:   6f7461756c617645 6a4c281500000072
0x000000011ff48ba0:   676e616c2f617661 3b676e697274532f
0x000000011ff48bb0:   0000000000004929 e311867f00000900
0x000000011ff48bc0:   6f6315000000105e 666e49747265766e 

Instructions: (pc=0x0000000101e232b0)
0x0000000101e23290:   40 48 48 85 c0 75 e0 30 c0 0f b6 c0 5d c3 31 c0
0x0000000101e232a0:   5d c3 55 48 89 e5 53 48 83 ec 08 48 85 ff 74 24
0x0000000101e232b0:   48 8b 1f 48 85 db 74 1c 48 83 fb 37 74 16 48 8b
0x0000000101e232c0:   03 48 89 df ff 50 10 84 c0 b8 00 00 00 00 48 0f 

Register to memory mapping:

RAX=0x0000000000000001 is an unknown value
RBX=0x000000011ff48a8b is pointing into the stack for thread: 0x00007f8613078000
RCX=0x00000001021d6c80: UseMembar+0 in /Library/Java/JavaVirtualMachines/jdk1.8.0_25.jdk/Contents/Home/jre/lib/server/libjvm.dylib at 0x0000000101a00000
RDX=0x000000011ff48a8b is pointing into the stack for thread: 0x00007f8613078000
RSP=0x000000011ff489d0 is pointing into the stack for thread: 0x00007f8613078000
RBP=0x000000011ff489e0 is pointing into the stack for thread: 0x00007f8613078000
RSI=0x00007f8613078000 is a thread
RDI=0x0003000000000000 is an unknown value
R8 =0x0000000000000003 is an unknown value
R9 =0x00007f8611d00000 is an unknown value
R10=0x0000000000000010 is an unknown value
R11=0x00007f8611d00000 is an unknown value
R12=0x00007f8613078000 is a thread
R13=0x0003000000000000 is an unknown value
R14=0x0003000000000000 is an unknown value
R15=0x00007f8611c1ced0 is an unknown value


Stack: [0x000000011fe49000,0x000000011ff49000],  sp=0x000000011ff489d0,  free space=1022k
Native frames: (J=compiled Java code, j=interpreted, Vv=VM code, C=native code)
V  [libjvm.dylib+0x4232b0]  Method::checked_resolve_jmethod_id(_jmethodID*)+0xe
V  [libjvm.dylib+0x33526e]  jvmti_IsMethodSynthetic+0xb2
C  [libjdwp.dylib+0x207dc]  isMethodSynthetic+0x63
C  [libjdwp.dylib+0x5263]  methods1+0x10b
C  [libjdwp.dylib+0x535c]  methodsWithGeneric+0xe
C  [libjdwp.dylib+0xe8f6]  debugLoop_run+0x1ce
C  [libjdwp.dylib+0x1f716]  attachThread+0x4d
V  [libjvm.dylib+0x3762ce]  JvmtiAgentThread::call_start_function()+0x38
V  [libjvm.dylib+0x535ed9]  JavaThread::thread_main_inner()+0x9b
V  [libjvm.dylib+0x53761c]  JavaThread::run()+0x1c2
V  [libjvm.dylib+0x45d87e]  java_start(Thread*)+0xf6
C  [libsystem_pthread.dylib+0x32fc]  _pthread_body+0x83
C  [libsystem_pthread.dylib+0x3279]  _pthread_body+0x0
C  [libsystem_pthread.dylib+0x14b1]  thread_start+0xd
C  0x0000000000000000


---------------  P R O C E S S  ---------------

Java Threads: ( => current thread )
  0x00007f8612026800 JavaThread "Service Thread" daemon [_thread_blocked, id=22275, stack(0x000000012055e000,0x000000012065e000)]
  0x00007f8613079000 JavaThread "C1 CompilerThread3" daemon [_thread_blocked, id=21763, stack(0x000000012045b000,0x000000012055b000)]
  0x00007f8613086000 JavaThread "C2 CompilerThread2" daemon [_thread_blocked, id=21251, stack(0x0000000120358000,0x0000000120458000)]
  0x00007f861200c800 JavaThread "C2 CompilerThread1" daemon [_thread_blocked, id=20739, stack(0x0000000120255000,0x0000000120355000)]
  0x00007f861200d800 JavaThread "C2 CompilerThread0" daemon [_thread_blocked, id=20227, stack(0x0000000120152000,0x0000000120252000)]
  0x00007f8612800800 JavaThread "JDWP Command Reader" daemon [_thread_in_native, id=19715, stack(0x000000012004f000,0x000000012014f000)]
  0x00007f8612802000 JavaThread "JDWP Event Helper Thread" daemon [_thread_blocked, id=19203, stack(0x000000011ff4c000,0x000000012004c000)]
=>0x00007f8613078000 JavaThread "JDWP Transport Listener: dt_socket" daemon [_thread_in_vm, id=18691, stack(0x000000011fe49000,0x000000011ff49000)]
  0x00007f8615025000 JavaThread "Signal Dispatcher" daemon [_thread_blocked, id=15127, stack(0x000000011fd3f000,0x000000011fe3f000)]
  0x00007f8615005800 JavaThread "Finalizer" daemon [_thread_blocked, id=13571, stack(0x000000011e3fe000,0x000000011e4fe000)]
  0x00007f8615005000 JavaThread "Reference Handler" daemon [_thread_blocked, id=13059, stack(0x000000011e2fb000,0x000000011e3fb000)]
  0x00007f8614001000 JavaThread "main" [_thread_blocked, id=4867, stack(0x0000000100865000,0x0000000100965000)]

Other Threads:
  0x00007f8615000000 VMThread [stack: 0x000000011e1f8000,0x000000011e2f8000] [id=12547]
  0x00007f8612027000 WatcherThread [stack: 0x0000000120661000,0x0000000120761000] [id=22787]

VM state:not at safepoint (normal execution)

VM Mutex/Monitor currently owned by a thread: None

Heap:
 PSYoungGen      total 76288K, used 5243K [0x000000076ab00000, 0x0000000770000000, 0x00000007c0000000)
  eden space 65536K, 8% used [0x000000076ab00000,0x000000076b01ec68,0x000000076eb00000)
  from space 10752K, 0% used [0x000000076f580000,0x000000076f580000,0x0000000770000000)
  to   space 10752K, 0% used [0x000000076eb00000,0x000000076eb00000,0x000000076f580000)
 ParOldGen       total 175104K, used 0K [0x00000006c0000000, 0x00000006cab00000, 0x000000076ab00000)
  object space 175104K, 0% used [0x00000006c0000000,0x00000006c0000000,0x00000006cab00000)
 Metaspace       used 3871K, capacity 4896K, committed 5120K, reserved 1056768K
  class space    used 422K, capacity 464K, committed 512K, reserved 1048576K

Card table byte_map: [0x0000000111ced000,0x00000001124ee000] byte_map_base: 0x000000010e6ed000

Marking Bits: (ParMarkBitMap*) 0x000000010229d390
 Begin Bits: [0x000000011325c000, 0x000000011725c000)
 End Bits:   [0x000000011725c000, 0x000000011b25c000)

Polling page: 0x00000001009a9000

CodeCache: size=245760Kb used=1225Kb max_used=1225Kb free=244534Kb
 bounds [0x000000010292d000, 0x0000000102b9d000, 0x000000011192d000]
 total_blobs=328 nmethods=84 adapters=167
 compilation: enabled

Compilation events (10 events):
Event: 8.588 Thread 0x00007f8613079000   80       3       java.util.regex.Pattern$CharPropertyNames$21::isSatisfiedBy (5 bytes)
Event: 8.588 Thread 0x00007f8613079000 nmethod 80 0x0000000102a5e0d0 code [0x0000000102a5e260, 0x0000000102a5e518]
Event: 8.588 Thread 0x00007f8613079000   78       3       java.util.regex.Pattern$CharProperty::match (56 bytes)
Event: 8.588 Thread 0x00007f8613079000 nmethod 78 0x0000000102a5e650 code [0x0000000102a5e800, 0x0000000102a5ece8]
Event: 8.588 Thread 0x00007f8613079000   83       3       java.nio.HeapCharBuffer::ix (7 bytes)
Event: 8.589 Thread 0x00007f8613079000 nmethod 83 0x0000000102a5ee90 code [0x0000000102a5efe0, 0x0000000102a5f130]
Event: 8.589 Thread 0x00007f8613079000   84       3       java.nio.CharBuffer::charAt (16 bytes)
Event: 8.589 Thread 0x00007f8613079000 nmethod 84 0x0000000102a5f190 code [0x0000000102a5f320, 0x0000000102a5f7b8]
Event: 8.589 Thread 0x00007f8613079000   82       3       java.util.concurrent.ConcurrentHashMap::spread (10 bytes)
Event: 8.589 Thread 0x00007f8613079000 nmethod 82 0x0000000102a5f950 code [0x0000000102a5faa0, 0x0000000102a5fbf0]

GC Heap History (0 events):
No events

Deoptimization events (0 events):
No events

Internal exceptions (10 events):
Event: 0.174 Thread 0x00007f8614001000 Exception <a 'java/security/PrivilegedActionException'> (0x000000076abab790) thrown at [/HUDSON3/workspace/8-2-build-macosx-x86_64/jdk8u25/1514/hotspot/src/share/vm/prims/jvm.cpp, line 1312]
Event: 0.186 Thread 0x00007f8614001000 Exception <a 'java/security/PrivilegedActionException'> (0x000000076abddd40) thrown at [/HUDSON3/workspace/8-2-build-macosx-x86_64/jdk8u25/1514/hotspot/src/share/vm/prims/jvm.cpp, line 1312]
Event: 0.186 Thread 0x00007f8614001000 Exception <a 'java/security/PrivilegedActionException'> (0x000000076abde088) thrown at [/HUDSON3/workspace/8-2-build-macosx-x86_64/jdk8u25/1514/hotspot/src/share/vm/prims/jvm.cpp, line 1312]
Event: 0.186 Thread 0x00007f8614001000 Exception <a 'java/security/PrivilegedActionException'> (0x000000076abe1408) thrown at [/HUDSON3/workspace/8-2-build-macosx-x86_64/jdk8u25/1514/hotspot/src/share/vm/prims/jvm.cpp, line 1312]
Event: 0.186 Thread 0x00007f8614001000 Exception <a 'java/security/PrivilegedActionException'> (0x000000076abe1750) thrown at [/HUDSON3/workspace/8-2-build-macosx-x86_64/jdk8u25/1514/hotspot/src/share/vm/prims/jvm.cpp, line 1312]
Event: 0.191 Thread 0x00007f8614001000 Exception <a 'java/security/PrivilegedActionException'> (0x000000076abf5fa0) thrown at [/HUDSON3/workspace/8-2-build-macosx-x86_64/jdk8u25/1514/hotspot/src/share/vm/prims/jvm.cpp, line 1312]
Event: 0.192 Thread 0x00007f8614001000 Exception <a 'java/security/PrivilegedActionException'> (0x000000076abf7de8) thrown at [/HUDSON3/workspace/8-2-build-macosx-x86_64/jdk8u25/1514/hotspot/src/share/vm/prims/jvm.cpp, line 1312]
Event: 0.195 Thread 0x00007f8614001000 Exception <a 'java/security/PrivilegedActionException'> (0x000000076abfee10) thrown at [/HUDSON3/workspace/8-2-build-macosx-x86_64/jdk8u25/1514/hotspot/src/share/vm/prims/jvm.cpp, line 1312]
Event: 0.208 Thread 0x00007f8614001000 Exception <a 'java/security/PrivilegedActionException'> (0x000000076ac08398) thrown at [/HUDSON3/workspace/8-2-build-macosx-x86_64/jdk8u25/1514/hotspot/src/share/vm/prims/jvm.cpp, line 1312]
Event: 0.209 Thread 0x00007f8614001000 Exception <a 'java/security/PrivilegedActionException'> (0x000000076ac0d548) thrown at [/HUDSON3/workspace/8-2-build-macosx-x86_64/jdk8u25/1514/hotspot/src/share/vm/prims/jvm.cpp, line 1312]

Events (10 events):
Event: 1880.160 Executing VM operation: RedefineClasses
Event: 1880.160 Executing VM operation: RedefineClasses done
Event: 1880.163 Executing VM operation: ChangeBreakpoints
Event: 1880.163 Executing VM operation: ChangeBreakpoints done
Event: 1886.005 Executing VM operation: RedefineClasses
Event: 1886.005 Executing VM operation: RedefineClasses done
Event: 1886.009 Executing VM operation: ChangeBreakpoints
Event: 1886.009 Executing VM operation: ChangeBreakpoints done
Event: 2057.063 Executing VM operation: RedefineClasses
Event: 2057.064 Executing VM operation: RedefineClasses done


Dynamic libraries:
0x0000000001144000 	/System/Library/Frameworks/Cocoa.framework/Versions/A/Cocoa
0x0000000001144000 	/System/Library/Frameworks/Security.framework/Versions/A/Security
0x0000000001144000 	/System/Library/Frameworks/ApplicationServices.framework/Versions/A/ApplicationServices
0x0000000001144000 	/usr/lib/libz.1.dylib
0x0000000001144000 	/usr/lib/libSystem.B.dylib
0x0000000001144000 	/usr/lib/libobjc.A.dylib
0x0000000001144000 	/System/Library/Frameworks/CoreFoundation.framework/Versions/A/CoreFoundation
0x0000000001144000 	/System/Library/Frameworks/Foundation.framework/Versions/C/Foundation
0x0000000001144000 	/System/Library/Frameworks/AppKit.framework/Versions/C/AppKit
0x0000000001144000 	/System/Library/Frameworks/CoreData.framework/Versions/A/CoreData
0x0000000001144000 	/System/Library/PrivateFrameworks/RemoteViewServices.framework/Versions/A/RemoteViewServices
0x0000000001144000 	/System/Library/PrivateFrameworks/UIFoundation.framework/Versions/A/UIFoundation
0x0000000001144000 	/System/Library/Frameworks/IOSurface.framework/Versions/A/IOSurface
0x0000000001144000 	/System/Library/Frameworks/AudioToolbox.framework/Versions/A/AudioToolbox
0x0000000001144000 	/System/Library/Frameworks/AudioUnit.framework/Versions/A/AudioUnit
0x0000000001144000 	/System/Library/PrivateFrameworks/DataDetectorsCore.framework/Versions/A/DataDetectorsCore
0x0000000001144000 	/System/Library/PrivateFrameworks/DesktopServicesPriv.framework/Versions/A/DesktopServicesPriv
0x0000000001144000 	/System/Library/Frameworks/Carbon.framework/Versions/A/Frameworks/HIToolbox.framework/Versions/A/HIToolbox
0x0000000001144000 	/System/Library/Frameworks/QuartzCore.framework/Versions/A/QuartzCore
0x0000000001144000 	/System/Library/Frameworks/Carbon.framework/Versions/A/Frameworks/SpeechRecognition.framework/Versions/A/SpeechRecognition
0x0000000001144000 	/usr/lib/libauto.dylib
0x0000000001144000 	/usr/lib/libicucore.A.dylib
0x0000000001144000 	/usr/lib/libxml2.2.dylib
0x0000000001144000 	/System/Library/PrivateFrameworks/CoreUI.framework/Versions/A/CoreUI
0x0000000001144000 	/System/Library/Frameworks/CoreAudio.framework/Versions/A/CoreAudio
0x0000000001144000 	/System/Library/Frameworks/DiskArbitration.framework/Versions/A/DiskArbitration
0x0000000001144000 	/usr/lib/liblangid.dylib
0x0000000001144000 	/System/Library/PrivateFrameworks/MultitouchSupport.framework/Versions/A/MultitouchSupport
0x0000000001144000 	/System/Library/Frameworks/IOKit.framework/Versions/A/IOKit
0x0000000001144000 	/usr/lib/libDiagnosticMessagesClient.dylib
0x0000000001144000 	/System/Library/Frameworks/CoreServices.framework/Versions/A/CoreServices
0x0000000001144000 	/System/Library/PrivateFrameworks/PerformanceAnalysis.framework/Versions/A/PerformanceAnalysis
0x0000000001144000 	/System/Library/PrivateFrameworks/GenerationalStorage.framework/Versions/A/GenerationalStorage
0x0000000001144000 	/System/Library/Frameworks/OpenGL.framework/Versions/A/OpenGL
0x0000000001144000 	/System/Library/PrivateFrameworks/Sharing.framework/Versions/A/Sharing
0x0000000001144000 	/System/Library/Frameworks/CoreGraphics.framework/Versions/A/CoreGraphics
0x0000000001144000 	/System/Library/Frameworks/CoreText.framework/Versions/A/CoreText
0x0000000001144000 	/System/Library/Frameworks/ImageIO.framework/Versions/A/ImageIO
0x0000000001144000 	/usr/lib/libextension.dylib
0x0000000001144000 	/System/Library/PrivateFrameworks/Backup.framework/Versions/A/Backup
0x0000000001144000 	/usr/lib/libarchive.2.dylib
0x0000000001144000 	/System/Library/Frameworks/CFNetwork.framework/Versions/A/CFNetwork
0x0000000001144000 	/System/Library/Frameworks/SystemConfiguration.framework/Versions/A/SystemConfiguration
0x0000000001144000 	/usr/lib/libCRFSuite.dylib
0x0000000001144000 	/usr/lib/libc++.1.dylib
0x0000000001144000 	/usr/lib/libc++abi.dylib
0x0000000001144000 	/usr/lib/system/libcache.dylib
0x0000000001144000 	/usr/lib/system/libcommonCrypto.dylib
0x0000000001144000 	/usr/lib/system/libcompiler_rt.dylib
0x0000000001144000 	/usr/lib/system/libcopyfile.dylib
0x0000000001144000 	/usr/lib/system/libcorecrypto.dylib
0x0000000001144000 	/usr/lib/system/libdispatch.dylib
0x0000000001144000 	/usr/lib/system/libdyld.dylib
0x0000000001144000 	/usr/lib/system/libkeymgr.dylib
0x0000000001144000 	/usr/lib/system/liblaunch.dylib
0x0000000001144000 	/usr/lib/system/libmacho.dylib
0x0000000001144000 	/usr/lib/system/libquarantine.dylib
0x0000000001144000 	/usr/lib/system/libremovefile.dylib
0x0000000001144000 	/usr/lib/system/libsystem_asl.dylib
0x0000000001144000 	/usr/lib/system/libsystem_blocks.dylib
0x0000000001144000 	/usr/lib/system/libsystem_c.dylib
0x0000000001144000 	/usr/lib/system/libsystem_configuration.dylib
0x0000000001144000 	/usr/lib/system/libsystem_coreservices.dylib
0x0000000001144000 	/usr/lib/system/libsystem_coretls.dylib
0x0000000001144000 	/usr/lib/system/libsystem_dnssd.dylib
0x0000000001144000 	/usr/lib/system/libsystem_info.dylib
0x0000000001144000 	/usr/lib/system/libsystem_kernel.dylib
0x0000000001144000 	/usr/lib/system/libsystem_m.dylib
0x0000000001144000 	/usr/lib/system/libsystem_malloc.dylib
0x0000000001144000 	/usr/lib/system/libsystem_network.dylib
0x0000000001144000 	/usr/lib/system/libsystem_networkextension.dylib
0x0000000001144000 	/usr/lib/system/libsystem_notify.dylib
0x0000000001144000 	/usr/lib/system/libsystem_platform.dylib
0x0000000001144000 	/usr/lib/system/libsystem_pthread.dylib
0x0000000001144000 	/usr/lib/system/libsystem_sandbox.dylib
0x0000000001144000 	/usr/lib/system/libsystem_secinit.dylib
0x0000000001144000 	/usr/lib/system/libsystem_stats.dylib
0x0000000001144000 	/usr/lib/system/libsystem_trace.dylib
0x0000000001144000 	/usr/lib/system/libunc.dylib
0x0000000001144000 	/usr/lib/system/libunwind.dylib
0x0000000001144000 	/usr/lib/system/libxpc.dylib
0x0000000001144000 	/usr/lib/libbz2.1.0.dylib
0x0000000001144000 	/usr/lib/liblzma.5.dylib
0x0000000001144000 	/usr/lib/libbsm.0.dylib
0x0000000001144000 	/usr/lib/libsqlite3.dylib
0x0000000001144000 	/usr/lib/system/libkxld.dylib
0x0000000001144000 	/usr/lib/libxar.1.dylib
0x0000000001144000 	/usr/lib/libpam.2.dylib
0x0000000001144000 	/usr/lib/libOpenScriptingUtil.dylib
0x0000000001144000 	/System/Library/Frameworks/CoreServices.framework/Versions/A/Frameworks/FSEvents.framework/Versions/A/FSEvents
0x0000000001144000 	/System/Library/Frameworks/CoreServices.framework/Versions/A/Frameworks/CarbonCore.framework/Versions/A/CarbonCore
0x0000000001144000 	/System/Library/Frameworks/CoreServices.framework/Versions/A/Frameworks/Metadata.framework/Versions/A/Metadata
0x0000000001144000 	/System/Library/Frameworks/CoreServices.framework/Versions/A/Frameworks/OSServices.framework/Versions/A/OSServices
0x0000000001144000 	/System/Library/Frameworks/CoreServices.framework/Versions/A/Frameworks/SearchKit.framework/Versions/A/SearchKit
0x0000000001144000 	/System/Library/Frameworks/CoreServices.framework/Versions/A/Frameworks/AE.framework/Versions/A/AE
0x0000000001144000 	/System/Library/Frameworks/CoreServices.framework/Versions/A/Frameworks/LaunchServices.framework/Versions/A/LaunchServices
0x0000000001144000 	/System/Library/Frameworks/CoreServices.framework/Versions/A/Frameworks/DictionaryServices.framework/Versions/A/DictionaryServices
0x0000000001144000 	/System/Library/Frameworks/NetFS.framework/Versions/A/NetFS
0x0000000001144000 	/System/Library/PrivateFrameworks/NetAuth.framework/Versions/A/NetAuth
0x0000000001144000 	/System/Library/PrivateFrameworks/login.framework/Versions/A/Frameworks/loginsupport.framework/Versions/A/loginsupport
0x0000000001144000 	/System/Library/PrivateFrameworks/TCC.framework/Versions/A/TCC
0x0000000001144000 	/usr/lib/libmecabra.dylib
0x0000000001144000 	/System/Library/PrivateFrameworks/LanguageModeling.framework/Versions/A/LanguageModeling
0x0000000001144000 	/usr/lib/libcmph.dylib
0x0000000001144000 	/usr/lib/libiconv.2.dylib
0x0000000001144000 	/System/Library/Frameworks/OpenDirectory.framework/Versions/A/Frameworks/CFOpenDirectory.framework/Versions/A/CFOpenDirectory
0x0000000001144000 	/System/Library/Frameworks/ServiceManagement.framework/Versions/A/ServiceManagement
0x0000000001144000 	/usr/lib/libxslt.1.dylib
0x0000000001144000 	/System/Library/Frameworks/Carbon.framework/Versions/A/Frameworks/Ink.framework/Versions/A/Ink
0x0000000001144000 	/System/Library/Frameworks/ApplicationServices.framework/Versions/A/Frameworks/ATS.framework/Versions/A/ATS
0x0000000001144000 	/System/Library/Frameworks/ApplicationServices.framework/Versions/A/Frameworks/ColorSync.framework/Versions/A/ColorSync
0x0000000001144000 	/System/Library/Frameworks/ApplicationServices.framework/Versions/A/Frameworks/HIServices.framework/Versions/A/HIServices
0x0000000001144000 	/System/Library/Frameworks/ApplicationServices.framework/Versions/A/Frameworks/LangAnalysis.framework/Versions/A/LangAnalysis
0x0000000001144000 	/System/Library/Frameworks/ApplicationServices.framework/Versions/A/Frameworks/PrintCore.framework/Versions/A/PrintCore
0x0000000001144000 	/System/Library/Frameworks/ApplicationServices.framework/Versions/A/Frameworks/QD.framework/Versions/A/QD
0x0000000001144000 	/System/Library/Frameworks/ApplicationServices.framework/Versions/A/Frameworks/SpeechSynthesis.framework/Versions/A/SpeechSynthesis
0x0000000001144000 	/System/Library/Frameworks/Accelerate.framework/Versions/A/Accelerate
0x0000000001144000 	/System/Library/Frameworks/Accelerate.framework/Versions/A/Frameworks/vImage.framework/Versions/A/vImage
0x0000000001144000 	/System/Library/Frameworks/Accelerate.framework/Versions/A/Frameworks/vecLib.framework/Versions/A/vecLib
0x0000000001144000 	/System/Library/Frameworks/Accelerate.framework/Versions/A/Frameworks/vecLib.framework/Versions/A/libvDSP.dylib
0x0000000001144000 	/System/Library/Frameworks/Accelerate.framework/Versions/A/Frameworks/vecLib.framework/Versions/A/libvMisc.dylib
0x0000000001144000 	/System/Library/Frameworks/Accelerate.framework/Versions/A/Frameworks/vecLib.framework/Versions/A/libLAPACK.dylib
0x0000000001144000 	/System/Library/Frameworks/Accelerate.framework/Versions/A/Frameworks/vecLib.framework/Versions/A/libBLAS.dylib
0x0000000001144000 	/System/Library/Frameworks/Accelerate.framework/Versions/A/Frameworks/vecLib.framework/Versions/A/libLinearAlgebra.dylib
0x0000000001144000 	/System/Library/Frameworks/ApplicationServices.framework/Versions/A/Frameworks/ATS.framework/Versions/A/Resources/libFontParser.dylib
0x0000000001144000 	/System/Library/Frameworks/ApplicationServices.framework/Versions/A/Frameworks/ATS.framework/Versions/A/Resources/libFontRegistry.dylib
0x0000000001144000 	/System/Library/PrivateFrameworks/AppleVPA.framework/Versions/A/AppleVPA
0x0000000001144000 	/System/Library/PrivateFrameworks/AppleJPEG.framework/Versions/A/AppleJPEG
0x0000000001144000 	/System/Library/Frameworks/ImageIO.framework/Versions/A/Resources/libJPEG.dylib
0x0000000001144000 	/System/Library/Frameworks/ImageIO.framework/Versions/A/Resources/libTIFF.dylib
0x0000000001144000 	/System/Library/Frameworks/ImageIO.framework/Versions/A/Resources/libPng.dylib
0x0000000001144000 	/System/Library/Frameworks/ImageIO.framework/Versions/A/Resources/libGIF.dylib
0x0000000001144000 	/System/Library/Frameworks/ImageIO.framework/Versions/A/Resources/libJP2.dylib
0x0000000001144000 	/System/Library/Frameworks/ImageIO.framework/Versions/A/Resources/libRadiance.dylib
0x0000000001144000 	/System/Library/Frameworks/CoreVideo.framework/Versions/A/CoreVideo
0x0000000001144000 	/System/Library/Frameworks/OpenGL.framework/Versions/A/Libraries/libGLU.dylib
0x0000000001144000 	/System/Library/Frameworks/OpenGL.framework/Versions/A/Libraries/libGFXShared.dylib
0x0000000001144000 	/System/Library/Frameworks/OpenGL.framework/Versions/A/Libraries/libGL.dylib
0x0000000001144000 	/System/Library/Frameworks/OpenGL.framework/Versions/A/Libraries/libGLImage.dylib
0x0000000001144000 	/System/Library/Frameworks/OpenGL.framework/Versions/A/Libraries/libCVMSPluginSupport.dylib
0x0000000001144000 	/System/Library/Frameworks/OpenGL.framework/Versions/A/Libraries/libCoreVMClient.dylib
0x0000000001144000 	/usr/lib/libcups.2.dylib
0x0000000001144000 	/System/Library/Frameworks/Kerberos.framework/Versions/A/Kerberos
0x0000000001144000 	/System/Library/Frameworks/GSS.framework/Versions/A/GSS
0x0000000001144000 	/usr/lib/libresolv.9.dylib
0x0000000001144000 	/System/Library/PrivateFrameworks/Heimdal.framework/Versions/A/Heimdal
0x0000000001144000 	/usr/lib/libheimdal-asn1.dylib
0x0000000001144000 	/System/Library/Frameworks/OpenDirectory.framework/Versions/A/OpenDirectory
0x0000000001144000 	/System/Library/PrivateFrameworks/CommonAuth.framework/Versions/A/CommonAuth
0x0000000001144000 	/System/Library/Frameworks/SecurityFoundation.framework/Versions/A/SecurityFoundation
0x0000000001144000 	/System/Library/Frameworks/QuartzCore.framework/Versions/A/Frameworks/CoreImage.framework/Versions/A/CoreImage
0x0000000001144000 	/System/Library/PrivateFrameworks/CrashReporterSupport.framework/Versions/A/CrashReporterSupport
0x0000000001144000 	/System/Library/Frameworks/OpenCL.framework/Versions/A/OpenCL
0x0000000001144000 	/System/Library/PrivateFrameworks/FaceCore.framework/Versions/A/FaceCore
0x0000000001144000 	/System/Library/PrivateFrameworks/Ubiquity.framework/Versions/A/Ubiquity
0x0000000001144000 	/System/Library/PrivateFrameworks/IconServices.framework/Versions/A/IconServices
0x0000000001144000 	/System/Library/PrivateFrameworks/ChunkingLibrary.framework/Versions/A/ChunkingLibrary
0x0000000001144000 	/System/Library/PrivateFrameworks/Apple80211.framework/Versions/A/Apple80211
0x0000000001144000 	/System/Library/Frameworks/CoreWLAN.framework/Versions/A/CoreWLAN
0x0000000001144000 	/System/Library/Frameworks/IOBluetooth.framework/Versions/A/IOBluetooth
0x0000000001144000 	/System/Library/PrivateFrameworks/CoreWiFi.framework/Versions/A/CoreWiFi
0x0000000001144000 	/System/Library/Frameworks/CoreBluetooth.framework/Versions/A/CoreBluetooth
0x0000000001144000 	/System/Library/PrivateFrameworks/DebugSymbols.framework/Versions/A/DebugSymbols
0x0000000001144000 	/System/Library/PrivateFrameworks/CoreSymbolication.framework/Versions/A/CoreSymbolication
0x0000000001144000 	/System/Library/PrivateFrameworks/Symbolication.framework/Versions/A/Symbolication
0x0000000001144000 	/System/Library/PrivateFrameworks/SpeechRecognitionCore.framework/Versions/A/SpeechRecognitionCore
0x0000000101a00000 	/Library/Java/JavaVirtualMachines/jdk1.8.0_25.jdk/Contents/Home/jre/lib/server/libjvm.dylib
0x0000000001144000 	/usr/lib/libstdc++.6.dylib
0x0000000100967000 	/Library/Java/JavaVirtualMachines/jdk1.8.0_25.jdk/Contents/Home/jre/lib/libverify.dylib
0x0000000100975000 	/Library/Java/JavaVirtualMachines/jdk1.8.0_25.jdk/Contents/Home/jre/lib/libjava.dylib
0x00000001009aa000 	/Library/Java/JavaVirtualMachines/jdk1.8.0_25.jdk/Contents/Home/jre/lib/libjdwp.dylib
0x00000001009f5000 	/Library/Java/JavaVirtualMachines/jdk1.8.0_25.jdk/Contents/Home/jre/lib/libnpt.dylib
0x0000000102924000 	/Library/Java/JavaVirtualMachines/jdk1.8.0_25.jdk/Contents/Home/jre/lib/libzip.dylib
0x000000011e500000 	/System/Library/Frameworks/JavaVM.framework/Frameworks/JavaRuntimeSupport.framework/JavaRuntimeSupport
0x000000011e516000 	/System/Library/Frameworks/JavaVM.framework/Versions/A/Frameworks/JavaNativeFoundation.framework/Versions/A/JavaNativeFoundation
0x000000011e52a000 	/System/Library/Frameworks/JavaVM.framework/Versions/A/JavaVM
0x0000000001144000 	/System/Library/Frameworks/Carbon.framework/Versions/A/Carbon
0x000000011e536000 	/System/Library/PrivateFrameworks/JavaLaunching.framework/Versions/A/JavaLaunching
0x0000000001144000 	/System/Library/Frameworks/Carbon.framework/Versions/A/Frameworks/CommonPanels.framework/Versions/A/CommonPanels
0x0000000001144000 	/System/Library/Frameworks/Carbon.framework/Versions/A/Frameworks/Help.framework/Versions/A/Help
0x0000000001144000 	/System/Library/Frameworks/Carbon.framework/Versions/A/Frameworks/ImageCapture.framework/Versions/A/ImageCapture
0x0000000001144000 	/System/Library/Frameworks/Carbon.framework/Versions/A/Frameworks/OpenScripting.framework/Versions/A/OpenScripting
0x0000000001144000 	/System/Library/Frameworks/Carbon.framework/Versions/A/Frameworks/Print.framework/Versions/A/Print
0x0000000001144000 	/System/Library/Frameworks/Carbon.framework/Versions/A/Frameworks/SecurityHI.framework/Versions/A/SecurityHI
0x000000011fe41000 	/Library/Java/JavaVirtualMachines/jdk1.8.0_25.jdk/Contents/Home/jre/lib/libdt_socket.dylib
0x0000000120765000 	/Library/Java/JavaVirtualMachines/jdk1.8.0_25.jdk/Contents/Home/jre/lib/libnet.dylib
0x00000001207c4000 	/Library/Java/JavaVirtualMachines/jdk1.8.0_25.jdk/Contents/Home/jre/lib/libnio.dylib

VM Arguments:
jvm_args: -agentlib:jdwp=transport=dt_socket,suspend=y,address=localhost:49570 -Dfile.encoding=UTF-8 
java_command: ConsoleCalculator calculations.txt results.out results2.out
java_class_path (initial): /Users/Jason/Documents/New York University/Sophomore Year - Fall/Fall2014NYU-DataStructures/Project3Calculator/Project3Calculator/bin
Launcher Type: SUN_STANDARD

Environment Variables:
PATH=/usr/bin:/bin:/usr/sbin:/sbin
SHELL=/bin/bash

Signal Handlers:
SIGSEGV: [libjvm.dylib+0x579dc7], sa_mask[0]=11111111011111110111111111111111, sa_flags=SA_ONSTACK|SA_RESTART|SA_SIGINFO
SIGBUS: [libjvm.dylib+0x579dc7], sa_mask[0]=11111111011111110111111111111111, sa_flags=SA_RESTART|SA_SIGINFO
SIGFPE: [libjvm.dylib+0x45b030], sa_mask[0]=11111111011111110111111111111111, sa_flags=SA_RESTART|SA_SIGINFO
SIGPIPE: [libjvm.dylib+0x45b030], sa_mask[0]=11111111011111110111111111111111, sa_flags=SA_RESTART|SA_SIGINFO
SIGXFSZ: [libjvm.dylib+0x45b030], sa_mask[0]=11111111011111110111111111111111, sa_flags=SA_RESTART|SA_SIGINFO
SIGILL: [libjvm.dylib+0x45b030], sa_mask[0]=11111111011111110111111111111111, sa_flags=SA_RESTART|SA_SIGINFO
SIGUSR1: SIG_DFL, sa_mask[0]=00000000000000000000000000000000, sa_flags=none
SIGUSR2: [libjvm.dylib+0x45ab4e], sa_mask[0]=00100000000000000000000000000000, sa_flags=SA_RESTART|SA_SIGINFO
SIGHUP: [libjvm.dylib+0x459121], sa_mask[0]=11111111011111110111111111111111, sa_flags=SA_RESTART|SA_SIGINFO
SIGINT: [libjvm.dylib+0x459121], sa_mask[0]=11111111011111110111111111111111, sa_flags=SA_RESTART|SA_SIGINFO
SIGTERM: [libjvm.dylib+0x459121], sa_mask[0]=11111111011111110111111111111111, sa_flags=SA_RESTART|SA_SIGINFO
SIGQUIT: [libjvm.dylib+0x459121], sa_mask[0]=11111111011111110111111111111111, sa_flags=SA_RESTART|SA_SIGINFO


---------------  S Y S T E M  ---------------

OS:Bsduname:Darwin 14.0.0 Darwin Kernel Version 14.0.0: Fri Sep 19 00:26:44 PDT 2014; root:xnu-2782.1.97~2/RELEASE_X86_64 x86_64
rlimit: STACK 8192k, CORE 0k, NPROC 709, NOFILE 10240, AS infinity
load average:2.00 2.14 2.19

CPU:total 8 (4 cores per cpu, 2 threads per core) family 6 model 70 stepping 1, cmov, cx8, fxsr, mmx, sse, sse2, sse3, ssse3, sse4.1, sse4.2, popcnt, avx, avx2, aes, clmul, erms, rtm, lzcnt, ht, tsc, tscinvbit, bmi1, bmi2

Memory: 4k page, physical 16777216k(1146588k free)

/proc/meminfo:


vm_info: Java HotSpot(TM) 64-Bit Server VM (25.25-b02) for bsd-amd64 JRE (1.8.0_25-b17), built on Sep 17 2014 16:56:50 by "java_re" with gcc 4.2.1 (Based on Apple Inc. build 5658) (LLVM build 2336.11.00)

time: Tue Nov 18 11:36:34 2014
elapsed time: 2057 seconds (0d 0h 34m 17s)

